INFO Watching for file changes with StatReloader
INFO Watching for file changes with StatReloader
INFO Watching for file changes with StatReloader
WARNING "GET / HTTP/1.1" 404 2163
WARNING "GET /favicon.ico HTTP/1.1" 404 2214
INFO "GET /api/users/a/ HTTP/1.1" 200 31055
INFO "GET /static/rest_framework/css/bootstrap.min.css HTTP/1.1" 200 121457
INFO "GET /static/rest_framework/js/bootstrap.min.js HTTP/1.1" 200 39680
INFO "GET /static/rest_framework/js/jquery-3.5.1.min.js HTTP/1.1" 200 89476
INFO "GET /static/rest_framework/js/prettify-min.js HTTP/1.1" 200 13632
WARNING "GET /api/ HTTP/1.1" 404 3228
INFO "GET /api/users/a/ HTTP/1.1" 200 31055
WARNING "GET /api/users/ HTTP/1.1" 404 3246
INFO "GET /api/users/a/ HTTP/1.1" 200 31055
WARNING "GET /api/ HTTP/1.1" 404 3228
INFO "OPTIONS /api/register/ HTTP/1.1" 200 0
INFO "POST /api/register/ HTTP/1.1" 200 39
INFO "OPTIONS /api/token/ HTTP/1.1" 200 0
INFO "POST /api/token/ HTTP/1.1" 200 489
INFO "POST /api/token/ HTTP/1.1" 200 489
INFO "GET /api/users/a/ HTTP/1.1" 200 7693
INFO "POST /api/token/ HTTP/1.1" 200 489
INFO "GET /api/users/amigo/ HTTP/1.1" 200 23
INFO "POST /api/token/ HTTP/1.1" 200 489
INFO "GET /api/users/amigo/ HTTP/1.1" 200 23
INFO "GET /api/users/amigo/ HTTP/1.1" 200 23
INFO "POST /api/token/ HTTP/1.1" 200 489
INFO "GET /api/users/amigo/ HTTP/1.1" 200 23
INFO "GET /api/users/amigo/ HTTP/1.1" 200 23
INFO "POST /api/token/ HTTP/1.1" 200 489
INFO "POST /api/token/ HTTP/1.1" 200 489
INFO "POST /api/token/ HTTP/1.1" 200 489
INFO "GET /api/users/amigo/ HTTP/1.1" 200 23
